<?xml version="1.0" encoding="utf-8"?><testsuites><testsuite name="pytest" errors="0" failures="0" skipped="0" tests="12" time="2.370" timestamp="2021-04-04T15:53:46.474926" hostname="Williams-MacBook-Pro.local"><testcase classname="tests.test_handler.TestHandlerCase" name="test_adding_comment_to_task" time="0.129" /><testcase classname="tests.test_handler.TestHandlerCase" name="test_adding_project_to_user" time="0.080" /><testcase classname="tests.test_handler.TestHandlerCase" name="test_adding_task_to_project" time="0.111" /><testcase classname="tests.test_handler.TestHandlerCase" name="test_adding_user_to_project" time="0.084" /><testcase classname="tests.test_handler.TestHandlerCase" name="test_create_query_building" time="0.001" /><testcase classname="tests.test_handler.TestHandlerCase" name="test_dto_creation" time="0.002" /><testcase classname="tests.test_handler.TestHandlerCase" name="test_json_to_dynamodb_json_conversion" time="0.001" /><testcase classname="tests.test_handler.TestHandlerCase" name="test_read_query_building" time="0.001" /><testcase classname="tests.test_handler.TestHandlerCase" name="test_removing_project_from_user" time="0.076" /><testcase classname="tests.test_handler.TestHandlerCase" name="test_removing_task_from_project" time="0.077" /><testcase classname="tests.test_handler.TestHandlerCase" name="test_removing_user_from_project" time="0.085" /><testcase classname="tests.test_handler.TestHandlerCase" name="test_valid_crud_operations" time="1.178" /></testsuite></testsuites>